# JRE version: OpenJDK Runtime Environment (10.0.2+13) (build 10.0.2+13-Ubuntu-1ubuntu0.18.04.2)
# Java VM: OpenJDK 64-Bit Server VM (10.0.2+13-Ubuntu-1ubuntu0.18.04.2, mixed mode, tiered, compressed oops, g1 gc, linux-amd64)
Heap:
 garbage-first heap   total 1037312K, used 315392K [0x0000000085400000, 0x0000000100000000)
  region size 1024K, 3 young (3072K), 3 survivors (3072K)
 Metaspace       used 6137K, capacity 6206K, committed 6528K, reserved 1056768K
  class space    used 496K, capacity 518K, committed 640K, reserved 1048576K
GC Heap History (10 events):
Event: 2.291 GC heap after
{Heap after GC invocations=17 (full 0):
 garbage-first heap   total 193536K, used 157184K [0x0000000085400000, 0x0000000100000000)
  region size 1024K, 2 young (2048K), 2 survivors (2048K)
 Metaspace       used 6137K, capacity 6206K, committed 6528K, reserved 1056768K
  class space    used 496K, capacity 518K, committed 640K, reserved 1048576K
}
Event: 2.303 GC heap before
{Heap before GC invocations=17 (full 0):
 garbage-first heap   total 193536K, used 164352K [0x0000000085400000, 0x0000000100000000)
  region size 1024K, 9 young (9216K), 2 survivors (2048K)
 Metaspace       used 6137K, capacity 6206K, committed 6528K, reserved 1056768K
  class space    used 496K, capacity 518K, committed 640K, reserved 1048576K
}
Event: 2.334 GC heap after
{Heap after GC invocations=18 (full 0):
 garbage-first heap   total 387072K, used 164864K [0x0000000085400000, 0x0000000100000000)
  region size 1024K, 2 young (2048K), 2 survivors (2048K)
 Metaspace       used 6137K, capacity 6206K, committed 6528K, reserved 1056768K
  class space    used 496K, capacity 518K, committed 640K, reserved 1048576K
}
Event: 2.396 GC heap before
{Heap before GC invocations=19 (full 0):
 garbage-first heap   total 387072K, used 203776K [0x0000000085400000, 0x0000000100000000)
  region size 1024K, 36 young (36864K), 2 survivors (2048K)
 Metaspace       used 6137K, capacity 6206K, committed 6528K, reserved 1056768K
  class space    used 496K, capacity 518K, committed 640K, reserved 1048576K
}
Event: 2.477 GC heap after
{Heap after GC invocations=20 (full 0):
 garbage-first heap   total 387072K, used 204621K [0x0000000085400000, 0x0000000100000000)
  region size 1024K, 8 young (8192K), 8 survivors (8192K)
 Metaspace       used 6137K, capacity 6206K, committed 6528K, reserved 1056768K
  class space    used 496K, capacity 518K, committed 640K, reserved 1048576K
}
Event: 2.625 GC heap before
{Heap before GC invocations=20 (full 0):
 garbage-first heap   total 387072K, used 276301K [0x0000000085400000, 0x0000000100000000)
  region size 1024K, 51 young (52224K), 8 survivors (8192K)
 Metaspace       used 6137K, capacity 6206K, committed 6528K, reserved 1056768K
  class space    used 496K, capacity 518K, committed 640K, reserved 1048576K
}
Event: 3.172 GC heap after
{Heap after GC invocations=21 (full 0):
 garbage-first heap   total 387072K, used 277504K [0x0000000085400000, 0x0000000100000000)
  region size 1024K, 7 young (7168K), 7 survivors (7168K)
 Metaspace       used 6137K, capacity 6206K, committed 6528K, reserved 1056768K
  class space    used 496K, capacity 518K, committed 640K, reserved 1048576K
}
Event: 3.219 GC heap before
{Heap before GC invocations=21 (full 0):
 garbage-first heap   total 387072K, used 297984K [0x0000000085400000, 0x0000000100000000)
  region size 1024K, 27 young (27648K), 7 survivors (7168K)
 Metaspace       used 6137K, capacity 6206K, committed 6528K, reserved 1056768K
  class space    used 496K, capacity 518K, committed 640K, reserved 1048576K
}
Event: 3.258 GC heap after
{Heap after GC invocations=22 (full 0):
 garbage-first heap   total 387072K, used 299008K [0x0000000085400000, 0x0000000100000000)
  region size 1024K, 4 young (4096K), 4 survivors (4096K)
 Metaspace       used 6137K, capacity 6206K, committed 6528K, reserved 1056768K
  class space    used 496K, capacity 518K, committed 640K, reserved 1048576K
}
Event: 3.272 GC heap before
{Heap before GC invocations=22 (full 0):
 garbage-first heap   total 387072K, used 314368K [0x0000000085400000, 0x0000000100000000)
  region size 1024K, 19 young (19456K), 4 survivors (4096K)
 Metaspace       used 6137K, capacity 6206K, committed 6528K, reserved 1056768K
  class space    used 496K, capacity 518K, committed 640K, reserved 1048576K
}

